16:17:56.485 INFO [GridLauncherV3.launch] - Selenium build info: version: '3.12.0', revision: '7c6e0b3'
16:17:56.489 INFO [GridLauncherV3$1.launch] - Launching a standalone Selenium Server on port 4445
2018-05-19 16:17:56.691:INFO::main: Logging initialized @567ms to org.seleniumhq.jetty9.util.log.StdErrLog
16:17:56.884 INFO [SeleniumServer.boot] - Selenium Server is up and running on port 4445
16:17:57.258 INFO [ActiveSessionFactory.apply] - Capabilities are: Capabilities {acceptSslCerts: true, browserName: chrome, javascriptEnabled: true, name: Step1 / Step1}
16:17:57.262 INFO [ActiveSessionFactory.lambda$apply$11] - Matched factory org.openqa.selenium.remote.server.ServicedSession$Factory (provider: org.openqa.selenium.chrome.ChromeDriverService)
Starting ChromeDriver 2.38.552518 (183d19265345f54ce39cbb94cf81ba5f15905011) on port 13055
Only local connections are allowed.
16:17:58.529 INFO [ProtocolHandshake.createSession] - Detected dialect: OSS
16:17:59.171 INFO [RemoteSession$Factory.lambda$performHandshake$0] - Started new session f3ef296ac0b62ed7a758c2415fe1cb9a (org.openqa.selenium.chrome.ChromeDriverService)
16:18:02.815 INFO [ActiveSessions$1.onStop] - Removing session f3ef296ac0b62ed7a758c2415fe1cb9a (org.openqa.selenium.chrome.ChromeDriverService)
16:18:02.845 INFO [ActiveSessionFactory.apply] - Capabilities are: Capabilities {acceptSslCerts: true, browserName: chrome, javascriptEnabled: true, name: Step2 / Step2}
16:18:02.851 INFO [ActiveSessionFactory.lambda$apply$11] - Matched factory org.openqa.selenium.remote.server.ServicedSession$Factory (provider: org.openqa.selenium.chrome.ChromeDriverService)
Starting ChromeDriver 2.38.552518 (183d19265345f54ce39cbb94cf81ba5f15905011) on port 48129
Only local connections are allowed.
16:18:03.685 INFO [ProtocolHandshake.createSession] - Detected dialect: OSS
16:18:03.788 INFO [RemoteSession$Factory.lambda$performHandshake$0] - Started new session 2ebafb82c44a9d26c062275a4ed26dac (org.openqa.selenium.chrome.ChromeDriverService)
16:18:07.334 INFO [ActiveSessions$1.onStop] - Removing session 2ebafb82c44a9d26c062275a4ed26dac (org.openqa.selenium.chrome.ChromeDriverService)
16:18:07.373 INFO [ActiveSessionFactory.apply] - Capabilities are: Capabilities {acceptSslCerts: true, browserName: chrome, javascriptEnabled: true, name: Step3 / Step3}
16:18:07.373 INFO [ActiveSessionFactory.lambda$apply$11] - Matched factory org.openqa.selenium.remote.server.ServicedSession$Factory (provider: org.openqa.selenium.chrome.ChromeDriverService)
Starting ChromeDriver 2.38.552518 (183d19265345f54ce39cbb94cf81ba5f15905011) on port 10041
Only local connections are allowed.
16:18:08.173 INFO [ProtocolHandshake.createSession] - Detected dialect: OSS
16:18:08.253 INFO [RemoteSession$Factory.lambda$performHandshake$0] - Started new session 5eb5440ca41c6f1f089feb915c1d04e5 (org.openqa.selenium.chrome.ChromeDriverService)
16:18:11.641 INFO [ActiveSessions$1.onStop] - Removing session 5eb5440ca41c6f1f089feb915c1d04e5 (org.openqa.selenium.chrome.ChromeDriverService)
16:18:11.682 INFO [ActiveSessionFactory.apply] - Capabilities are: Capabilities {acceptSslCerts: true, browserName: chrome, javascriptEnabled: true, name: Step4 / Step4}
16:18:11.684 INFO [ActiveSessionFactory.lambda$apply$11] - Matched factory org.openqa.selenium.remote.server.ServicedSession$Factory (provider: org.openqa.selenium.chrome.ChromeDriverService)
Starting ChromeDriver 2.38.552518 (183d19265345f54ce39cbb94cf81ba5f15905011) on port 31474
Only local connections are allowed.
16:18:12.519 INFO [ProtocolHandshake.createSession] - Detected dialect: OSS
16:18:12.610 INFO [RemoteSession$Factory.lambda$performHandshake$0] - Started new session af8558599b5a07c45bd2e93fd8594d8e (org.openqa.selenium.chrome.ChromeDriverService)
16:18:16.218 INFO [ActiveSessions$1.onStop] - Removing session af8558599b5a07c45bd2e93fd8594d8e (org.openqa.selenium.chrome.ChromeDriverService)
16:18:16.254 INFO [ActiveSessionFactory.apply] - Capabilities are: Capabilities {acceptSslCerts: true, browserName: chrome, javascriptEnabled: true, name: Step5 / Step5}
16:18:16.255 INFO [ActiveSessionFactory.lambda$apply$11] - Matched factory org.openqa.selenium.remote.server.ServicedSession$Factory (provider: org.openqa.selenium.chrome.ChromeDriverService)
Starting ChromeDriver 2.38.552518 (183d19265345f54ce39cbb94cf81ba5f15905011) on port 39862
Only local connections are allowed.
16:18:17.213 INFO [ProtocolHandshake.createSession] - Detected dialect: OSS
16:18:17.261 INFO [RemoteSession$Factory.lambda$performHandshake$0] - Started new session b7db8e233d91b58f50145cd68e0e649b (org.openqa.selenium.chrome.ChromeDriverService)
16:18:20.988 INFO [ActiveSessions$1.onStop] - Removing session b7db8e233d91b58f50145cd68e0e649b (org.openqa.selenium.chrome.ChromeDriverService)
